[debug] [2025-06-24T16:17:36.182Z] ----------------------------------------------------------------------
[debug] [2025-06-24T16:17:36.192Z] Command:       C:\Program Files\nodejs\node.exe C:\Users\Ssali Benjamin\AppData\Roaming\npm\node_modules\firebase-tools\lib\bin\firebase.js emulators:start
[debug] [2025-06-24T16:17:36.193Z] CLI Version:   14.8.0
[debug] [2025-06-24T16:17:36.193Z] Platform:      win32
[debug] [2025-06-24T16:17:36.194Z] Node Version:  v22.15.0
[debug] [2025-06-24T16:17:36.196Z] Time:          Tue Jun 24 2025 19:17:36 GMT+0300 (East Africa Time)
[debug] [2025-06-24T16:17:36.196Z] ----------------------------------------------------------------------
[debug] 
[debug] [2025-06-24T16:17:36.205Z] >>> [apiv2][query] GET https://firebase-public.firebaseio.com/cli.json [none]
[debug] [2025-06-24T16:17:36.528Z] > command requires scopes: ["email","openid","https://www.googleapis.com/auth/cloudplatformprojects.readonly","https://www.googleapis.com/auth/firebase","https://www.googleapis.com/auth/cloud-platform"]
[debug] [2025-06-24T16:17:36.529Z] > authorizing via signed-in user (ssalibenjamin0402@gmail.com)
[debug] [2025-06-24T16:17:36.998Z] java version "21.0.5" 2024-10-15 LTS

[debug] [2025-06-24T16:17:36.998Z] Java(TM) SE Runtime Environment (build 21.0.5+9-LTS-239)
Java HotSpot(TM) 64-Bit Server VM (build 21.0.5+9-LTS-239, mixed mode, sharing)

[debug] [2025-06-24T16:17:37.046Z] <<< [apiv2][status] GET https://firebase-public.firebaseio.com/cli.json 200
[debug] [2025-06-24T16:17:37.046Z] <<< [apiv2][body] GET https://firebase-public.firebaseio.com/cli.json {"cloudBuildErrorAfter":1594252800000,"cloudBuildWarnAfter":1590019200000,"defaultNode10After":1594252800000,"minVersion":"3.0.5","node8DeploysDisabledAfter":1613390400000,"node8RuntimeDisabledAfter":1615809600000,"node8WarnAfter":1600128000000}
[debug] [2025-06-24T16:17:37.060Z] Parsed Java major version: 21
[info] i  emulators: Starting emulators: auth, firestore, storage {"metadata":{"emulator":{"name":"hub"},"message":"Starting emulators: auth, firestore, storage"}}
[debug] [2025-06-24T16:17:37.086Z] [logging] Logging Emulator only supports listening on one address (127.0.0.1). Not listening on ::1
[debug] [2025-06-24T16:17:37.086Z] [auth] Authentication Emulator only supports listening on one address (127.0.0.1). Not listening on ::1
[debug] [2025-06-24T16:17:37.086Z] [firestore] Firestore Emulator only supports listening on one address (127.0.0.1). Not listening on ::1
[debug] [2025-06-24T16:17:37.086Z] [firestore.websocket] websocket server for firestore only supports listening on one address (127.0.0.1). Not listening on ::1
[debug] [2025-06-24T16:17:37.086Z] [storage] Storage Emulator only supports listening on one address (127.0.0.1). Not listening on ::1
[debug] [2025-06-24T16:17:37.087Z] assigned listening specs for emulators {"user":{"hub":[{"address":"127.0.0.1","family":"IPv4","port":4400},{"address":"::1","family":"IPv6","port":4400}],"ui":[{"address":"127.0.0.1","family":"IPv4","port":4000},{"address":"::1","family":"IPv6","port":4000}],"logging":[{"address":"127.0.0.1","family":"IPv4","port":4500}],"auth":[{"address":"127.0.0.1","family":"IPv4","port":9099}],"firestore":[{"address":"127.0.0.1","family":"IPv4","port":8888}],"firestore.websocket":[{"address":"127.0.0.1","family":"IPv4","port":9150}],"storage":[{"address":"127.0.0.1","family":"IPv4","port":9199}]},"metadata":{"message":"assigned listening specs for emulators"}}
[debug] [2025-06-24T16:17:37.093Z] [hub] writing locator at C:\Users\SSALIB~1\AppData\Local\Temp\hub-game-anvil-79345.json
[debug] [2025-06-24T16:17:37.115Z] Ignoring unsupported arg: auto_download {"metadata":{"emulator":{"name":"firestore"},"message":"Ignoring unsupported arg: auto_download"}}
[debug] [2025-06-24T16:17:37.116Z] Ignoring unsupported arg: single_project_mode_error {"metadata":{"emulator":{"name":"firestore"},"message":"Ignoring unsupported arg: single_project_mode_error"}}
[debug] [2025-06-24T16:17:37.116Z] Starting Firestore Emulator with command {"binary":"java","args":["-Dgoogle.cloud_firestore.debug_log_level=FINE","-Duser.language=en","-jar","C:\\Users\\Ssali Benjamin\\.cache\\firebase\\emulators\\cloud-firestore-emulator-v1.19.8.jar","--host","127.0.0.1","--port",8888,"--websocket_port",9150,"--project_id","game-anvil-79345","--rules","C:\\Users\\Ssali Benjamin\\Desktop\\Personal\\Game-Anvil\\firestore.rules","--single_project_mode",true],"optionalArgs":["port","webchannel_port","host","rules","websocket_port","functions_emulator","seed_from_export","project_id","single_project_mode"],"joinArgs":false,"shell":false,"port":8888} {"metadata":{"emulator":{"name":"firestore"},"message":"Starting Firestore Emulator with command {\"binary\":\"java\",\"args\":[\"-Dgoogle.cloud_firestore.debug_log_level=FINE\",\"-Duser.language=en\",\"-jar\",\"C:\\\\Users\\\\Ssali Benjamin\\\\.cache\\\\firebase\\\\emulators\\\\cloud-firestore-emulator-v1.19.8.jar\",\"--host\",\"127.0.0.1\",\"--port\",8888,\"--websocket_port\",9150,\"--project_id\",\"game-anvil-79345\",\"--rules\",\"C:\\\\Users\\\\Ssali Benjamin\\\\Desktop\\\\Personal\\\\Game-Anvil\\\\firestore.rules\",\"--single_project_mode\",true],\"optionalArgs\":[\"port\",\"webchannel_port\",\"host\",\"rules\",\"websocket_port\",\"functions_emulator\",\"seed_from_export\",\"project_id\",\"single_project_mode\"],\"joinArgs\":false,\"shell\":false,\"port\":8888}"}}
[info] i  firestore: Firestore Emulator logging to firestore-debug.log {"metadata":{"emulator":{"name":"firestore"},"message":"Firestore Emulator logging to \u001b[1mfirestore-debug.log\u001b[22m"}}
[info] +  firestore: Firestore Emulator UI websocket is running on 9150. {"metadata":{"emulator":{"name":"firestore"},"message":"Firestore Emulator UI websocket is running on 9150."}}
[debug] [2025-06-24T16:17:53.181Z] Ignoring unsupported arg: port {"metadata":{"emulator":{"name":"storage"},"message":"Ignoring unsupported arg: port"}}
[debug] [2025-06-24T16:17:55.257Z] Temp file directory for storage emulator: C:\Users\SSALIB~1\AppData\Local\Temp/firebase/storage/blobs {"metadata":{"emulator":{"name":"storage"},"message":"Temp file directory for storage emulator: C:\\Users\\SSALIB~1\\AppData\\Local\\Temp/firebase/storage/blobs"}}
[info] i  ui: downloading ui-v1.15.0.zip... {"metadata":{"emulator":{"name":"ui"},"message":"downloading ui-v1.15.0.zip..."}}
[debug] [2025-06-24T16:17:55.287Z] >>> [apiv2][query] GET https://storage.googleapis.com/firebase-preview-drop/emulator/ui-v1.15.0.zip 
[debug] [2025-06-24T16:17:55.825Z] <<< [apiv2][status] GET https://storage.googleapis.com/firebase-preview-drop/emulator/ui-v1.15.0.zip 200
[debug] [2025-06-24T16:17:55.826Z] <<< [apiv2][body] GET https://storage.googleapis.com/firebase-preview-drop/emulator/ui-v1.15.0.zip [stream]
[debug] [2025-06-24T16:17:56.168Z] Data is 3538469
[debug] [2025-06-24T16:17:56.169Z] [unzip] Entry: client/ (compressed_size=0 bytes, uncompressed_size=0 bytes)
[debug] [2025-06-24T16:17:56.169Z] [unzip] Processing entry: client\
[debug] [2025-06-24T16:17:56.169Z] [unzip] mkdir: C:\Users\Ssali Benjamin\.cache\firebase\emulators\ui-v1.15.0\client\
[debug] [2025-06-24T16:17:56.173Z] [unzip] Entry: client/favicon-16x16.png (compressed_size=293 bytes, uncompressed_size=293 bytes)
[debug] [2025-06-24T16:17:56.173Z] [unzip] Processing entry: client\favicon-16x16.png
[debug] [2025-06-24T16:17:56.174Z] [unzip] else mkdir: C:\Users\Ssali Benjamin\.cache\firebase\emulators\ui-v1.15.0\client
[debug] [2025-06-24T16:17:56.175Z] [unzip] Writing file: C:\Users\Ssali Benjamin\.cache\firebase\emulators\ui-v1.15.0\client\favicon-16x16.png
[debug] [2025-06-24T16:17:56.180Z] [unzip] Entry: client/safari-pinned-tab.svg (compressed_size=1433 bytes, uncompressed_size=2611 bytes)
[debug] [2025-06-24T16:17:56.180Z] [unzip] Processing entry: client\safari-pinned-tab.svg
[debug] [2025-06-24T16:17:56.180Z] [unzip] else mkdir: C:\Users\Ssali Benjamin\.cache\firebase\emulators\ui-v1.15.0\client
[debug] [2025-06-24T16:17:56.181Z] [unzip] deflating: C:\Users\Ssali Benjamin\.cache\firebase\emulators\ui-v1.15.0\client\safari-pinned-tab.svg
[debug] [2025-06-24T16:17:56.195Z] [unzip] Entry: client/favicon.ico (compressed_size=2933 bytes, uncompressed_size=13294 bytes)
[debug] [2025-06-24T16:17:56.195Z] [unzip] Processing entry: client\favicon.ico
[debug] [2025-06-24T16:17:56.195Z] [unzip] else mkdir: C:\Users\Ssali Benjamin\.cache\firebase\emulators\ui-v1.15.0\client
[debug] [2025-06-24T16:17:56.196Z] [unzip] deflating: C:\Users\Ssali Benjamin\.cache\firebase\emulators\ui-v1.15.0\client\favicon.ico
[debug] [2025-06-24T16:17:56.201Z] [unzip] Entry: client/index.html (compressed_size=1364 bytes, uncompressed_size=3071 bytes)
[debug] [2025-06-24T16:17:56.202Z] [unzip] Processing entry: client\index.html
[debug] [2025-06-24T16:17:56.202Z] [unzip] else mkdir: C:\Users\Ssali Benjamin\.cache\firebase\emulators\ui-v1.15.0\client
[debug] [2025-06-24T16:17:56.203Z] [unzip] deflating: C:\Users\Ssali Benjamin\.cache\firebase\emulators\ui-v1.15.0\client\index.html
[debug] [2025-06-24T16:17:56.209Z] [unzip] Entry: client/android-chrome-192x192.png (compressed_size=2684 bytes, uncompressed_size=2684 bytes)
[debug] [2025-06-24T16:17:56.209Z] [unzip] Processing entry: client\android-chrome-192x192.png
[debug] [2025-06-24T16:17:56.209Z] [unzip] else mkdir: C:\Users\Ssali Benjamin\.cache\firebase\emulators\ui-v1.15.0\client
[debug] [2025-06-24T16:17:56.210Z] [unzip] Writing file: C:\Users\Ssali Benjamin\.cache\firebase\emulators\ui-v1.15.0\client\android-chrome-192x192.png
[debug] [2025-06-24T16:17:56.215Z] [unzip] Entry: client/apple-touch-icon.png (compressed_size=2123 bytes, uncompressed_size=2152 bytes)
[debug] [2025-06-24T16:17:56.215Z] [unzip] Processing entry: client\apple-touch-icon.png
[debug] [2025-06-24T16:17:56.216Z] [unzip] else mkdir: C:\Users\Ssali Benjamin\.cache\firebase\emulators\ui-v1.15.0\client
[debug] [2025-06-24T16:17:56.217Z] [unzip] deflating: C:\Users\Ssali Benjamin\.cache\firebase\emulators\ui-v1.15.0\client\apple-touch-icon.png
[debug] [2025-06-24T16:17:56.221Z] [unzip] Entry: client/android-chrome-512x512.png (compressed_size=5369 bytes, uncompressed_size=5411 bytes)
[debug] [2025-06-24T16:17:56.221Z] [unzip] Processing entry: client\android-chrome-512x512.png
[debug] [2025-06-24T16:17:56.222Z] [unzip] else mkdir: C:\Users\Ssali Benjamin\.cache\firebase\emulators\ui-v1.15.0\client
[debug] [2025-06-24T16:17:56.223Z] [unzip] deflating: C:\Users\Ssali Benjamin\.cache\firebase\emulators\ui-v1.15.0\client\android-chrome-512x512.png
[debug] [2025-06-24T16:17:56.228Z] [unzip] Entry: client/manifest.json (compressed_size=245 bytes, uncompressed_size=551 bytes)
[debug] [2025-06-24T16:17:56.229Z] [unzip] Processing entry: client\manifest.json
[debug] [2025-06-24T16:17:56.229Z] [unzip] else mkdir: C:\Users\Ssali Benjamin\.cache\firebase\emulators\ui-v1.15.0\client
[debug] [2025-06-24T16:17:56.230Z] [unzip] deflating: C:\Users\Ssali Benjamin\.cache\firebase\emulators\ui-v1.15.0\client\manifest.json
[debug] [2025-06-24T16:17:56.233Z] [unzip] Entry: client/robots.txt (compressed_size=26 bytes, uncompressed_size=26 bytes)
[debug] [2025-06-24T16:17:56.234Z] [unzip] Processing entry: client\robots.txt
[debug] [2025-06-24T16:17:56.234Z] [unzip] else mkdir: C:\Users\Ssali Benjamin\.cache\firebase\emulators\ui-v1.15.0\client
[debug] [2025-06-24T16:17:56.235Z] [unzip] Writing file: C:\Users\Ssali Benjamin\.cache\firebase\emulators\ui-v1.15.0\client\robots.txt
[debug] [2025-06-24T16:17:56.238Z] [unzip] Entry: client/mstile-150x150.png (compressed_size=2034 bytes, uncompressed_size=2034 bytes)
[debug] [2025-06-24T16:17:56.239Z] [unzip] Processing entry: client\mstile-150x150.png
[debug] [2025-06-24T16:17:56.239Z] [unzip] else mkdir: C:\Users\Ssali Benjamin\.cache\firebase\emulators\ui-v1.15.0\client
[debug] [2025-06-24T16:17:56.240Z] [unzip] Writing file: C:\Users\Ssali Benjamin\.cache\firebase\emulators\ui-v1.15.0\client\mstile-150x150.png
[debug] [2025-06-24T16:17:56.243Z] [unzip] Entry: client/assets/ (compressed_size=0 bytes, uncompressed_size=0 bytes)
[debug] [2025-06-24T16:17:56.243Z] [unzip] Processing entry: client\assets\
[debug] [2025-06-24T16:17:56.243Z] [unzip] mkdir: C:\Users\Ssali Benjamin\.cache\firebase\emulators\ui-v1.15.0\client\assets\
[debug] [2025-06-24T16:17:56.245Z] [unzip] Entry: client/assets/index-BX-A56oj.js (compressed_size=582089 bytes, uncompressed_size=2092775 bytes)
[debug] [2025-06-24T16:17:56.246Z] [unzip] Processing entry: client\assets\index-BX-A56oj.js
[debug] [2025-06-24T16:17:56.246Z] [unzip] else mkdir: C:\Users\Ssali Benjamin\.cache\firebase\emulators\ui-v1.15.0\client\assets
[debug] [2025-06-24T16:17:56.246Z] [unzip] deflating: C:\Users\Ssali Benjamin\.cache\firebase\emulators\ui-v1.15.0\client\assets\index-BX-A56oj.js
[debug] [2025-06-24T16:17:56.313Z] [unzip] Entry: client/assets/index-CjB9C900.css (compressed_size=35979 bytes, uncompressed_size=298654 bytes)
[debug] [2025-06-24T16:17:56.313Z] [unzip] Processing entry: client\assets\index-CjB9C900.css
[debug] [2025-06-24T16:17:56.313Z] [unzip] else mkdir: C:\Users\Ssali Benjamin\.cache\firebase\emulators\ui-v1.15.0\client\assets
[debug] [2025-06-24T16:17:56.315Z] [unzip] deflating: C:\Users\Ssali Benjamin\.cache\firebase\emulators\ui-v1.15.0\client\assets\index-CjB9C900.css
[debug] [2025-06-24T16:17:56.325Z] [unzip] Entry: client/assets/index-BX-A56oj.js.map (compressed_size=2362482 bytes, uncompressed_size=10036679 bytes)
[debug] [2025-06-24T16:17:56.326Z] [unzip] Processing entry: client\assets\index-BX-A56oj.js.map
[debug] [2025-06-24T16:17:56.326Z] [unzip] else mkdir: C:\Users\Ssali Benjamin\.cache\firebase\emulators\ui-v1.15.0\client\assets
[debug] [2025-06-24T16:17:56.327Z] [unzip] deflating: C:\Users\Ssali Benjamin\.cache\firebase\emulators\ui-v1.15.0\client\assets\index-BX-A56oj.js.map
[debug] [2025-06-24T16:17:56.550Z] [unzip] Entry: client/assets/extensions/ (compressed_size=0 bytes, uncompressed_size=0 bytes)
[debug] [2025-06-24T16:17:56.550Z] [unzip] Processing entry: client\assets\extensions\
[debug] [2025-06-24T16:17:56.550Z] [unzip] mkdir: C:\Users\Ssali Benjamin\.cache\firebase\emulators\ui-v1.15.0\client\assets\extensions\
[debug] [2025-06-24T16:17:56.550Z] [unzip] Entry: client/assets/extensions/default-extension.png (compressed_size=1646 bytes, uncompressed_size=1657 bytes)
[debug] [2025-06-24T16:17:56.551Z] [unzip] Processing entry: client\assets\extensions\default-extension.png
[debug] [2025-06-24T16:17:56.551Z] [unzip] else mkdir: C:\Users\Ssali Benjamin\.cache\firebase\emulators\ui-v1.15.0\client\assets\extensions
[debug] [2025-06-24T16:17:56.551Z] [unzip] deflating: C:\Users\Ssali Benjamin\.cache\firebase\emulators\ui-v1.15.0\client\assets\extensions\default-extension.png
[debug] [2025-06-24T16:17:56.553Z] [unzip] Entry: client/assets/img/ (compressed_size=0 bytes, uncompressed_size=0 bytes)
[debug] [2025-06-24T16:17:56.553Z] [unzip] Processing entry: client\assets\img\
[debug] [2025-06-24T16:17:56.553Z] [unzip] mkdir: C:\Users\Ssali Benjamin\.cache\firebase\emulators\ui-v1.15.0\client\assets\img\
[debug] [2025-06-24T16:17:56.553Z] [unzip] Entry: client/assets/img/database.png (compressed_size=29449 bytes, uncompressed_size=29988 bytes)
[debug] [2025-06-24T16:17:56.554Z] [unzip] Processing entry: client\assets\img\database.png
[debug] [2025-06-24T16:17:56.554Z] [unzip] else mkdir: C:\Users\Ssali Benjamin\.cache\firebase\emulators\ui-v1.15.0\client\assets\img
[debug] [2025-06-24T16:17:56.554Z] [unzip] deflating: C:\Users\Ssali Benjamin\.cache\firebase\emulators\ui-v1.15.0\client\assets\img\database.png
[debug] [2025-06-24T16:17:56.557Z] [unzip] Entry: client/assets/provider-icons/ (compressed_size=0 bytes, uncompressed_size=0 bytes)
[debug] [2025-06-24T16:17:56.557Z] [unzip] Processing entry: client\assets\provider-icons\
[debug] [2025-06-24T16:17:56.557Z] [unzip] mkdir: C:\Users\Ssali Benjamin\.cache\firebase\emulators\ui-v1.15.0\client\assets\provider-icons\
[debug] [2025-06-24T16:17:56.558Z] [unzip] Entry: client/assets/provider-icons/auth_service_saml.svg (compressed_size=575 bytes, uncompressed_size=1226 bytes)
[debug] [2025-06-24T16:17:56.558Z] [unzip] Processing entry: client\assets\provider-icons\auth_service_saml.svg
[debug] [2025-06-24T16:17:56.558Z] [unzip] else mkdir: C:\Users\Ssali Benjamin\.cache\firebase\emulators\ui-v1.15.0\client\assets\provider-icons
[debug] [2025-06-24T16:17:56.558Z] [unzip] deflating: C:\Users\Ssali Benjamin\.cache\firebase\emulators\ui-v1.15.0\client\assets\provider-icons\auth_service_saml.svg
[debug] [2025-06-24T16:17:56.560Z] [unzip] Entry: client/assets/provider-icons/auth_service_phone.svg (compressed_size=261 bytes, uncompressed_size=414 bytes)
[debug] [2025-06-24T16:17:56.560Z] [unzip] Processing entry: client\assets\provider-icons\auth_service_phone.svg
[debug] [2025-06-24T16:17:56.561Z] [unzip] else mkdir: C:\Users\Ssali Benjamin\.cache\firebase\emulators\ui-v1.15.0\client\assets\provider-icons
[debug] [2025-06-24T16:17:56.561Z] [unzip] deflating: C:\Users\Ssali Benjamin\.cache\firebase\emulators\ui-v1.15.0\client\assets\provider-icons\auth_service_phone.svg
[debug] [2025-06-24T16:17:56.563Z] [unzip] Entry: client/assets/provider-icons/auth_service_facebook.svg (compressed_size=289 bytes, uncompressed_size=457 bytes)
[debug] [2025-06-24T16:17:56.563Z] [unzip] Processing entry: client\assets\provider-icons\auth_service_facebook.svg
[debug] [2025-06-24T16:17:56.563Z] [unzip] else mkdir: C:\Users\Ssali Benjamin\.cache\firebase\emulators\ui-v1.15.0\client\assets\provider-icons
[debug] [2025-06-24T16:17:56.563Z] [unzip] deflating: C:\Users\Ssali Benjamin\.cache\firebase\emulators\ui-v1.15.0\client\assets\provider-icons\auth_service_facebook.svg
[debug] [2025-06-24T16:17:56.565Z] [unzip] Entry: client/assets/provider-icons/auth_service_game_center.svg (compressed_size=991 bytes, uncompressed_size=3921 bytes)
[debug] [2025-06-24T16:17:56.566Z] [unzip] Processing entry: client\assets\provider-icons\auth_service_game_center.svg
[debug] [2025-06-24T16:17:56.566Z] [unzip] else mkdir: C:\Users\Ssali Benjamin\.cache\firebase\emulators\ui-v1.15.0\client\assets\provider-icons
[debug] [2025-06-24T16:17:56.566Z] [unzip] deflating: C:\Users\Ssali Benjamin\.cache\firebase\emulators\ui-v1.15.0\client\assets\provider-icons\auth_service_game_center.svg
[debug] [2025-06-24T16:17:56.568Z] [unzip] Entry: client/assets/provider-icons/auth_service_apple.svg (compressed_size=230 bytes, uncompressed_size=334 bytes)
[debug] [2025-06-24T16:17:56.568Z] [unzip] Processing entry: client\assets\provider-icons\auth_service_apple.svg
[debug] [2025-06-24T16:17:56.568Z] [unzip] else mkdir: C:\Users\Ssali Benjamin\.cache\firebase\emulators\ui-v1.15.0\client\assets\provider-icons
[debug] [2025-06-24T16:17:56.569Z] [unzip] deflating: C:\Users\Ssali Benjamin\.cache\firebase\emulators\ui-v1.15.0\client\assets\provider-icons\auth_service_apple.svg
[debug] [2025-06-24T16:17:56.570Z] [unzip] Entry: client/assets/provider-icons/auth_service_github.svg (compressed_size=466 bytes, uncompressed_size=838 bytes)
[debug] [2025-06-24T16:17:56.570Z] [unzip] Processing entry: client\assets\provider-icons\auth_service_github.svg
[debug] [2025-06-24T16:17:56.571Z] [unzip] else mkdir: C:\Users\Ssali Benjamin\.cache\firebase\emulators\ui-v1.15.0\client\assets\provider-icons
[debug] [2025-06-24T16:17:56.571Z] [unzip] deflating: C:\Users\Ssali Benjamin\.cache\firebase\emulators\ui-v1.15.0\client\assets\provider-icons\auth_service_github.svg
[debug] [2025-06-24T16:17:56.573Z] [unzip] Entry: client/assets/provider-icons/auth_service_mslive.svg (compressed_size=203 bytes, uncompressed_size=378 bytes)
[debug] [2025-06-24T16:17:56.573Z] [unzip] Processing entry: client\assets\provider-icons\auth_service_mslive.svg
[debug] [2025-06-24T16:17:56.573Z] [unzip] else mkdir: C:\Users\Ssali Benjamin\.cache\firebase\emulators\ui-v1.15.0\client\assets\provider-icons
[debug] [2025-06-24T16:17:56.574Z] [unzip] deflating: C:\Users\Ssali Benjamin\.cache\firebase\emulators\ui-v1.15.0\client\assets\provider-icons\auth_service_mslive.svg
[debug] [2025-06-24T16:17:56.577Z] [unzip] Entry: client/assets/provider-icons/auth_service_yahoo.svg (compressed_size=577 bytes, uncompressed_size=1182 bytes)
[debug] [2025-06-24T16:17:56.577Z] [unzip] Processing entry: client\assets\provider-icons\auth_service_yahoo.svg
[debug] [2025-06-24T16:17:56.577Z] [unzip] else mkdir: C:\Users\Ssali Benjamin\.cache\firebase\emulators\ui-v1.15.0\client\assets\provider-icons
[debug] [2025-06-24T16:17:56.578Z] [unzip] deflating: C:\Users\Ssali Benjamin\.cache\firebase\emulators\ui-v1.15.0\client\assets\provider-icons\auth_service_yahoo.svg
[debug] [2025-06-24T16:17:56.581Z] [unzip] Entry: client/assets/provider-icons/auth_service_twitter.svg (compressed_size=444 bytes, uncompressed_size=751 bytes)
[debug] [2025-06-24T16:17:56.581Z] [unzip] Processing entry: client\assets\provider-icons\auth_service_twitter.svg
[debug] [2025-06-24T16:17:56.581Z] [unzip] else mkdir: C:\Users\Ssali Benjamin\.cache\firebase\emulators\ui-v1.15.0\client\assets\provider-icons
[debug] [2025-06-24T16:17:56.582Z] [unzip] deflating: C:\Users\Ssali Benjamin\.cache\firebase\emulators\ui-v1.15.0\client\assets\provider-icons\auth_service_twitter.svg
[debug] [2025-06-24T16:17:56.585Z] [unzip] Entry: client/assets/provider-icons/auth_service_play_games.svg (compressed_size=565 bytes, uncompressed_size=1173 bytes)
[debug] [2025-06-24T16:17:56.586Z] [unzip] Processing entry: client\assets\provider-icons\auth_service_play_games.svg
[debug] [2025-06-24T16:17:56.586Z] [unzip] else mkdir: C:\Users\Ssali Benjamin\.cache\firebase\emulators\ui-v1.15.0\client\assets\provider-icons
[debug] [2025-06-24T16:17:56.587Z] [unzip] deflating: C:\Users\Ssali Benjamin\.cache\firebase\emulators\ui-v1.15.0\client\assets\provider-icons\auth_service_play_games.svg
[debug] [2025-06-24T16:17:56.589Z] [unzip] Entry: client/assets/provider-icons/auth_service_email.svg (compressed_size=228 bytes, uncompressed_size=326 bytes)
[debug] [2025-06-24T16:17:56.589Z] [unzip] Processing entry: client\assets\provider-icons\auth_service_email.svg
[debug] [2025-06-24T16:17:56.590Z] [unzip] else mkdir: C:\Users\Ssali Benjamin\.cache\firebase\emulators\ui-v1.15.0\client\assets\provider-icons
[debug] [2025-06-24T16:17:56.590Z] [unzip] deflating: C:\Users\Ssali Benjamin\.cache\firebase\emulators\ui-v1.15.0\client\assets\provider-icons\auth_service_email.svg
[debug] [2025-06-24T16:17:56.593Z] [unzip] Entry: client/assets/provider-icons/auth_service_google.svg (compressed_size=409 bytes, uncompressed_size=720 bytes)
[debug] [2025-06-24T16:17:56.593Z] [unzip] Processing entry: client\assets\provider-icons\auth_service_google.svg
[debug] [2025-06-24T16:17:56.593Z] [unzip] else mkdir: C:\Users\Ssali Benjamin\.cache\firebase\emulators\ui-v1.15.0\client\assets\provider-icons
[debug] [2025-06-24T16:17:56.594Z] [unzip] deflating: C:\Users\Ssali Benjamin\.cache\firebase\emulators\ui-v1.15.0\client\assets\provider-icons\auth_service_google.svg
[debug] [2025-06-24T16:17:56.596Z] [unzip] Entry: client/assets/provider-icons/auth_service_oidc.svg (compressed_size=414 bytes, uncompressed_size=858 bytes)
[debug] [2025-06-24T16:17:56.597Z] [unzip] Processing entry: client\assets\provider-icons\auth_service_oidc.svg
[debug] [2025-06-24T16:17:56.597Z] [unzip] else mkdir: C:\Users\Ssali Benjamin\.cache\firebase\emulators\ui-v1.15.0\client\assets\provider-icons
[debug] [2025-06-24T16:17:56.598Z] [unzip] deflating: C:\Users\Ssali Benjamin\.cache\firebase\emulators\ui-v1.15.0\client\assets\provider-icons\auth_service_oidc.svg
[debug] [2025-06-24T16:17:56.601Z] [unzip] Entry: client/browserconfig.xml (compressed_size=491 bytes, uncompressed_size=822 bytes)
[debug] [2025-06-24T16:17:56.601Z] [unzip] Processing entry: client\browserconfig.xml
[debug] [2025-06-24T16:17:56.601Z] [unzip] else mkdir: C:\Users\Ssali Benjamin\.cache\firebase\emulators\ui-v1.15.0\client
[debug] [2025-06-24T16:17:56.602Z] [unzip] deflating: C:\Users\Ssali Benjamin\.cache\firebase\emulators\ui-v1.15.0\client\browserconfig.xml
[debug] [2025-06-24T16:17:56.604Z] [unzip] Entry: client/favicon-32x32.png (compressed_size=475 bytes, uncompressed_size=475 bytes)
[debug] [2025-06-24T16:17:56.605Z] [unzip] Processing entry: client\favicon-32x32.png
[debug] [2025-06-24T16:17:56.605Z] [unzip] else mkdir: C:\Users\Ssali Benjamin\.cache\firebase\emulators\ui-v1.15.0\client
[debug] [2025-06-24T16:17:56.605Z] [unzip] Writing file: C:\Users\Ssali Benjamin\.cache\firebase\emulators\ui-v1.15.0\client\favicon-32x32.png
[debug] [2025-06-24T16:17:56.607Z] [unzip] Entry: server/ (compressed_size=0 bytes, uncompressed_size=0 bytes)
[debug] [2025-06-24T16:17:56.607Z] [unzip] Processing entry: server\
[debug] [2025-06-24T16:17:56.607Z] [unzip] mkdir: C:\Users\Ssali Benjamin\.cache\firebase\emulators\ui-v1.15.0\server\
[debug] [2025-06-24T16:17:56.608Z] [unzip] Entry: server/server.mjs.map (compressed_size=217845 bytes, uncompressed_size=944978 bytes)
[debug] [2025-06-24T16:17:56.608Z] [unzip] Processing entry: server\server.mjs.map
[debug] [2025-06-24T16:17:56.608Z] [unzip] else mkdir: C:\Users\Ssali Benjamin\.cache\firebase\emulators\ui-v1.15.0\server
[debug] [2025-06-24T16:17:56.608Z] [unzip] deflating: C:\Users\Ssali Benjamin\.cache\firebase\emulators\ui-v1.15.0\server\server.mjs.map
[debug] [2025-06-24T16:17:56.627Z] [unzip] Entry: server/server.mjs (compressed_size=276407 bytes, uncompressed_size=933701 bytes)
[debug] [2025-06-24T16:17:56.627Z] [unzip] Processing entry: server\server.mjs
[debug] [2025-06-24T16:17:56.627Z] [unzip] else mkdir: C:\Users\Ssali Benjamin\.cache\firebase\emulators\ui-v1.15.0\server
[debug] [2025-06-24T16:17:56.628Z] [unzip] deflating: C:\Users\Ssali Benjamin\.cache\firebase\emulators\ui-v1.15.0\server\server.mjs
[info] i  ui: Removing outdated emulator files: ui-v1.14.0 {"metadata":{"emulator":{"name":"ui"},"message":"Removing outdated emulator files: ui-v1.14.0"}}
[info] i  ui: Removing outdated emulator files: ui-v1.14.0.zip {"metadata":{"emulator":{"name":"ui"},"message":"Removing outdated emulator files: ui-v1.14.0.zip"}}
[debug] [2025-06-24T16:17:56.719Z] Could not find VSCode notification endpoint: FetchError: request to http://localhost:40001/vscode/notify failed, reason: . If you are not running the Firebase Data Connect VSCode extension, this is expected and not an issue.
[info] 
┌─────────────────────────────────────────────────────────────┐
│ ✔  All emulators ready! It is now safe to connect your app. │
│ i  View Emulator UI at http://127.0.0.1:4000/               │
└─────────────────────────────────────────────────────────────┘

┌────────────────┬────────────────┬─────────────────────────────────┐
│ Emulator       │ Host:Port      │ View in Emulator UI             │
├────────────────┼────────────────┼─────────────────────────────────┤
│ Authentication │ 127.0.0.1:9099 │ http://127.0.0.1:4000/auth      │
├────────────────┼────────────────┼─────────────────────────────────┤
│ Firestore      │ 127.0.0.1:8888 │ http://127.0.0.1:4000/firestore │
├────────────────┼────────────────┼─────────────────────────────────┤
│ Storage        │ 127.0.0.1:9199 │ http://127.0.0.1:4000/storage   │
└────────────────┴────────────────┴─────────────────────────────────┘
  Emulator Hub host: 127.0.0.1 port: 4400
  Other reserved ports: 4500, 9150

Issues? Report them at https://github.com/firebase/firebase-tools/issues and attach the *-debug.log files.
 
